<?xml version="1.0" encoding="UTF-8"?>
<!-- Generated by org.testng.reporters.JUnitXMLReporter -->
<testsuite ignored="0" hostname="Amardeep" failures="0" tests="3" name="Default test" time="34.044" errors="0" timestamp="2024-06-15T18:32:49 IST">
  <testcase classname="AmarAcademy.Tests.SubmitOrder2" name="SubmitOrder" time="11.789"/>
  <testcase classname="AmarAcademy.Tests.SubmitOrder2" name="SubmitOrder" time="13.741"/>
  <testcase classname="AmarAcademy.Tests.SubmitOrder2" name="OrderHistory" time="0.727"/>
</testsuite> <!-- Default test -->
