<?xml version="1.0" encoding="UTF-8"?>
<!-- Generated by org.testng.reporters.JUnitXMLReporter -->
<testsuite ignored="0" hostname="Amardeep" failures="1" tests="4" name="ErrorValidation" time="24.092" errors="0" timestamp="2024-06-17T11:24:49 IST">
  <testcase classname="AmarAcademy.Tests.ErrorValidation" name="LoginErrorValidation" time="0.503">
    <skipped/>
  </testcase> <!-- LoginErrorValidation -->
  <testcase classname="AmarAcademy.Tests.ErrorValidation" name="LoginErrorValidation" time="0.59">
    <skipped/>
  </testcase> <!-- LoginErrorValidation -->
  <testcase classname="AmarAcademy.Tests.ErrorValidation" name="LoginErrorValidation" time="0.576">
    <failure type="java.lang.AssertionError" message="expected [Incorrect email or password.] but found [Incorrect email or passwor.]">
      <![CDATA[java.lang.AssertionError: expected [Incorrect email or password.] but found [Incorrect email or passwor.]
at AmarAcademy.Tests.ErrorValidation.LoginErrorValidation(ErrorValidation.java:31)
at java.base/java.util.ArrayList.forEach(ArrayList.java:1511)
at java.base/java.util.concurrent.FutureTask.run(FutureTask.java:264)
at java.base/java.util.concurrent.ThreadPoolExecutor.runWorker(ThreadPoolExecutor.java:1136)
at java.base/java.util.concurrent.ThreadPoolExecutor$Worker.run(ThreadPoolExecutor.java:635)
at java.base/java.lang.Thread.run(Thread.java:840)
... Removed 24 stack frames]]>
    </failure>
  </testcase> <!-- LoginErrorValidation -->
  <testcase classname="AmarAcademy.Tests.ErrorValidation" name="ProductErrorValidation" time="13.556"/>
</testsuite> <!-- ErrorValidation -->
