<?xml version="1.0" encoding="UTF-8"?>
<!-- Generated by org.testng.reporters.JUnitXMLReporter -->
<testsuite ignored="0" hostname="Amardeep" failures="0" tests="3" name="SubmitOrder" time="32.88" errors="0" timestamp="2024-06-17T11:24:57 IST">
  <testcase classname="AmarAcademy.Tests.SubmitOrder" name="SubmitOrder" time="11.517"/>
  <testcase classname="AmarAcademy.Tests.SubmitOrder" name="SubmitOrder" time="11.707"/>
  <testcase classname="AmarAcademy.Tests.SubmitOrder" name="OrderHistory" time="0.761"/>
</testsuite> <!-- SubmitOrder -->
