<?xml version="1.0" encoding="UTF-8"?>
<!-- Generated by org.testng.reporters.JUnitXMLReporter -->
<testsuite ignored="0" hostname="Amardeep" failures="0" tests="2" name="ErrorValidation" time="13.364" errors="0" timestamp="2024-06-20T08:58:19 IST">
  <testcase classname="AmarAcademy.Tests.ErrorValidation" name="LoginErrorValidation" time="0.573">
    <skipped/>
  </testcase> <!-- LoginErrorValidation -->
  <testcase classname="AmarAcademy.Tests.ErrorValidation" name="LoginErrorValidation" time="1.229">
    <skipped/>
  </testcase> <!-- LoginErrorValidation -->
</testsuite> <!-- ErrorValidation -->
