<?xml version="1.0" encoding="UTF-8"?>
<!-- Generated by org.testng.reporters.JUnitXMLReporter -->
<testsuite ignored="0" hostname="Amardeep" failures="0" tests="3" name="SubmitOrder" time="33.005" errors="0" timestamp="2024-06-20T08:58:38 IST">
  <testcase classname="AmarAcademy.Tests.SubmitOrder" name="SubmitOrder" time="12.087"/>
  <testcase classname="AmarAcademy.Tests.SubmitOrder" name="SubmitOrder" time="12.724"/>
  <testcase classname="AmarAcademy.Tests.SubmitOrder" name="OrderHistory" time="0.847"/>
</testsuite> <!-- SubmitOrder -->
