<?xml version="1.0" encoding="UTF-8"?>
<testng-results ignored="0" total="3" passed="3" failed="0" skipped="0">
  <reporter-output>
  </reporter-output>
  <suite started-at="2024-06-20T08:58:05 IST" name="Suite" finished-at="2024-06-20T08:58:38 IST" duration-ms="33005">
    <groups>
      <group name="Purchase">
        <method signature="SubmitOrder.SubmitOrder(java.lang.String,java.lang.String,java.lang.String)[pri:0, instance:AmarAcademy.Tests.SubmitOrder@25fb8912]" name="SubmitOrder" class="AmarAcademy.Tests.SubmitOrder"/>
      </group> <!-- Purchase -->
      <group name="ErrorCheck">
        <method signature="ErrorValidation.LoginErrorValidation()[pri:0, instance:AmarAcademy.Tests.ErrorValidation@4e7912d8]" name="LoginErrorValidation" class="AmarAcademy.Tests.ErrorValidation"/>
      </group> <!-- ErrorCheck -->
    </groups>
    <test started-at="2024-06-20T08:58:05 IST" name="SubmitOrder" finished-at="2024-06-20T08:58:38 IST" duration-ms="33005">
      <class name="AmarAcademy.Tests.SubmitOrder">
        <test-method is-config="true" signature="launchApplication()[pri:0, instance:AmarAcademy.Tests.SubmitOrder@25fb8912]" started-at="2024-06-20T08:58:05 IST" name="launchApplication" finished-at="2024-06-20T08:58:07 IST" duration-ms="2676" status="PASS">
          <reporter-output>
          </reporter-output>
        </test-method> <!-- launchApplication -->
        <test-method signature="SubmitOrder(java.lang.String,java.lang.String,java.lang.String)[pri:0, instance:AmarAcademy.Tests.SubmitOrder@25fb8912]" started-at="2024-06-20T08:58:07 IST" name="SubmitOrder" data-provider="getData" finished-at="2024-06-20T08:58:20 IST" duration-ms="12087" status="PASS">
          <params>
            <param index="0">
              <value>
                <![CDATA[vowels@gmail.com]]>
              </value>
            </param>
            <param index="1">
              <value>
                <![CDATA[Sachin@200]]>
              </value>
            </param>
            <param index="2">
              <value>
                <![CDATA[zara coat 3]]>
              </value>
            </param>
          </params>
          <reporter-output>
          </reporter-output>
        </test-method> <!-- SubmitOrder -->
        <test-method is-config="true" signature="closeBrowser()[pri:0, instance:AmarAcademy.Tests.SubmitOrder@25fb8912]" started-at="2024-06-20T08:58:20 IST" name="closeBrowser" finished-at="2024-06-20T08:58:20 IST" duration-ms="83" status="PASS">
          <reporter-output>
          </reporter-output>
        </test-method> <!-- closeBrowser -->
        <test-method is-config="true" signature="launchApplication()[pri:0, instance:AmarAcademy.Tests.SubmitOrder@25fb8912]" started-at="2024-06-20T08:58:20 IST" name="launchApplication" finished-at="2024-06-20T08:58:22 IST" duration-ms="2153" status="PASS">
          <reporter-output>
          </reporter-output>
        </test-method> <!-- launchApplication -->
        <test-method signature="SubmitOrder(java.lang.String,java.lang.String,java.lang.String)[pri:0, instance:AmarAcademy.Tests.SubmitOrder@25fb8912]" started-at="2024-06-20T08:58:22 IST" name="SubmitOrder" data-provider="getData" finished-at="2024-06-20T08:58:34 IST" duration-ms="12724" status="PASS">
          <params>
            <param index="0">
              <value>
                <![CDATA[Register@gmail.com]]>
              </value>
            </param>
            <param index="1">
              <value>
                <![CDATA[Register123]]>
              </value>
            </param>
            <param index="2">
              <value>
                <![CDATA[ADIDAS ORIGINAL]]>
              </value>
            </param>
          </params>
          <reporter-output>
          </reporter-output>
        </test-method> <!-- SubmitOrder -->
        <test-method is-config="true" signature="closeBrowser()[pri:0, instance:AmarAcademy.Tests.SubmitOrder@25fb8912]" started-at="2024-06-20T08:58:34 IST" name="closeBrowser" finished-at="2024-06-20T08:58:35 IST" duration-ms="87" status="PASS">
          <reporter-output>
          </reporter-output>
        </test-method> <!-- closeBrowser -->
        <test-method is-config="true" signature="launchApplication()[pri:0, instance:AmarAcademy.Tests.SubmitOrder@25fb8912]" started-at="2024-06-20T08:58:35 IST" name="launchApplication" finished-at="2024-06-20T08:58:37 IST" duration-ms="2217" status="PASS">
          <reporter-output>
          </reporter-output>
        </test-method> <!-- launchApplication -->
        <test-method signature="OrderHistory()[pri:0, instance:AmarAcademy.Tests.SubmitOrder@25fb8912]" started-at="2024-06-20T08:58:37 IST" name="OrderHistory" finished-at="2024-06-20T08:58:38 IST" depends-on-methods="AmarAcademy.Tests.SubmitOrder.SubmitOrder" duration-ms="847" status="PASS">
          <reporter-output>
          </reporter-output>
        </test-method> <!-- OrderHistory -->
        <test-method is-config="true" signature="closeBrowser()[pri:0, instance:AmarAcademy.Tests.SubmitOrder@25fb8912]" started-at="2024-06-20T08:58:38 IST" name="closeBrowser" finished-at="2024-06-20T08:58:38 IST" duration-ms="96" status="PASS">
          <reporter-output>
          </reporter-output>
        </test-method> <!-- closeBrowser -->
      </class> <!-- AmarAcademy.Tests.SubmitOrder -->
    </test> <!-- SubmitOrder -->
  </suite> <!-- Suite -->
</testng-results>
